<?xml version="1.0" encoding="UTF-8"?>
<testsuite name="Cucumber" time="33.306" tests="2" skipped="0" failures="0" errors="0">
<testcase classname="Application login" name="Home page default login" time="18.073">
<system-out><![CDATA[
Given User is on landing page...............................................passed
When User login into application with username and password.................passed
Then The homepage is displayed..............................................passed
]]></system-out>
</testcase>
<testcase classname="Application login" name="A user logs into the orangeHRM portal" time="14.907">
<system-out><![CDATA[
Given The user accesses the portal using the url............................passed
When The Username and Password are captured.................................passed
Then The user selects the login button......................................passed
And The homepage is displayed2..............................................passed
And The user closes the webpage.............................................passed
]]></system-out>
</testcase>
</testsuite>
