<?xml version="1.0" encoding="UTF-8"?>
<testsuite name="Cucumber" time="17.722" tests="1" skipped="0" failures="0" errors="0">
<testcase classname="Application login 2" name="Login successful - Example #1.1" time="17.375">
<system-out><![CDATA[
Given The user accesses the portal using the 'https://opensource-demo.orangehrmlive.com/web/index.php/auth/login'.passed
When The 'Admin' and '<Password>' are captured..............................passed
Then Select the login button................................................passed
And Display the homepage....................................................passed
And Close the webpage.......................................................passed
]]></system-out>
</testcase>
</testsuite>
